  AddFunctionTemplate.cpp
C:\Users\USER\Desktop\hancom\c++\ex_13_AddFunctionTemplate\ex_13_AddFunctionTemplate\AddFunctionTemplate.cpp(15,24): warning C4244: '인수': 'double'에서 'T'(으)로 변환하면서 데이터가 손실될 수 있습니다.
C:\Users\USER\Desktop\hancom\c++\ex_13_AddFunctionTemplate\ex_13_AddFunctionTemplate\AddFunctionTemplate.cpp(15,24): warning C4244:         with
C:\Users\USER\Desktop\hancom\c++\ex_13_AddFunctionTemplate\ex_13_AddFunctionTemplate\AddFunctionTemplate.cpp(15,24): warning C4244:         [
C:\Users\USER\Desktop\hancom\c++\ex_13_AddFunctionTemplate\ex_13_AddFunctionTemplate\AddFunctionTemplate.cpp(15,24): warning C4244:             T=int
C:\Users\USER\Desktop\hancom\c++\ex_13_AddFunctionTemplate\ex_13_AddFunctionTemplate\AddFunctionTemplate.cpp(15,24): warning C4244:         ]
C:\Users\USER\Desktop\hancom\c++\ex_13_AddFunctionTemplate\ex_13_AddFunctionTemplate\AddFunctionTemplate.cpp(15,19): warning C4244: '인수': 'double'에서 'T'(으)로 변환하면서 데이터가 손실될 수 있습니다.
C:\Users\USER\Desktop\hancom\c++\ex_13_AddFunctionTemplate\ex_13_AddFunctionTemplate\AddFunctionTemplate.cpp(15,19): warning C4244:         with
C:\Users\USER\Desktop\hancom\c++\ex_13_AddFunctionTemplate\ex_13_AddFunctionTemplate\AddFunctionTemplate.cpp(15,19): warning C4244:         [
C:\Users\USER\Desktop\hancom\c++\ex_13_AddFunctionTemplate\ex_13_AddFunctionTemplate\AddFunctionTemplate.cpp(15,19): warning C4244:             T=int
C:\Users\USER\Desktop\hancom\c++\ex_13_AddFunctionTemplate\ex_13_AddFunctionTemplate\AddFunctionTemplate.cpp(15,19): warning C4244:         ]
C:\Users\USER\Desktop\hancom\c++\ex_13_AddFunctionTemplate\ex_13_AddFunctionTemplate\AddFunctionTemplate.cpp(19,27): warning C4244: '인수': 'double'에서 'T'(으)로 변환하면서 데이터가 손실될 수 있습니다.
C:\Users\USER\Desktop\hancom\c++\ex_13_AddFunctionTemplate\ex_13_AddFunctionTemplate\AddFunctionTemplate.cpp(19,27): warning C4244:         with
C:\Users\USER\Desktop\hancom\c++\ex_13_AddFunctionTemplate\ex_13_AddFunctionTemplate\AddFunctionTemplate.cpp(19,27): warning C4244:         [
C:\Users\USER\Desktop\hancom\c++\ex_13_AddFunctionTemplate\ex_13_AddFunctionTemplate\AddFunctionTemplate.cpp(19,27): warning C4244:             T=int
C:\Users\USER\Desktop\hancom\c++\ex_13_AddFunctionTemplate\ex_13_AddFunctionTemplate\AddFunctionTemplate.cpp(19,27): warning C4244:         ]
C:\Users\USER\Desktop\hancom\c++\ex_13_AddFunctionTemplate\ex_13_AddFunctionTemplate\AddFunctionTemplate.cpp(20,27): warning C4244: '인수': 'double'에서 'T'(으)로 변환하면서 데이터가 손실될 수 있습니다.
C:\Users\USER\Desktop\hancom\c++\ex_13_AddFunctionTemplate\ex_13_AddFunctionTemplate\AddFunctionTemplate.cpp(20,27): warning C4244:         with
C:\Users\USER\Desktop\hancom\c++\ex_13_AddFunctionTemplate\ex_13_AddFunctionTemplate\AddFunctionTemplate.cpp(20,27): warning C4244:         [
C:\Users\USER\Desktop\hancom\c++\ex_13_AddFunctionTemplate\ex_13_AddFunctionTemplate\AddFunctionTemplate.cpp(20,27): warning C4244:             T=int
C:\Users\USER\Desktop\hancom\c++\ex_13_AddFunctionTemplate\ex_13_AddFunctionTemplate\AddFunctionTemplate.cpp(20,27): warning C4244:         ]
C:\Users\USER\Desktop\hancom\c++\ex_13_AddFunctionTemplate\ex_13_AddFunctionTemplate\AddFunctionTemplate.cpp(21,27): warning C4244: '인수': 'double'에서 'T'(으)로 변환하면서 데이터가 손실될 수 있습니다.
C:\Users\USER\Desktop\hancom\c++\ex_13_AddFunctionTemplate\ex_13_AddFunctionTemplate\AddFunctionTemplate.cpp(21,27): warning C4244:         with
C:\Users\USER\Desktop\hancom\c++\ex_13_AddFunctionTemplate\ex_13_AddFunctionTemplate\AddFunctionTemplate.cpp(21,27): warning C4244:         [
C:\Users\USER\Desktop\hancom\c++\ex_13_AddFunctionTemplate\ex_13_AddFunctionTemplate\AddFunctionTemplate.cpp(21,27): warning C4244:             T=int
C:\Users\USER\Desktop\hancom\c++\ex_13_AddFunctionTemplate\ex_13_AddFunctionTemplate\AddFunctionTemplate.cpp(21,27): warning C4244:         ]
  ex_13_AddFunctionTemplate.vcxproj -> C:\Users\USER\Desktop\hancom\c++\ex_13_AddFunctionTemplate\x64\Debug\ex_13_AddFunctionTemplate.exe
